<?xml version="1.0" encoding="UTF-8"?>
<testng-results ignored="0" total="1" passed="1" failed="0" skipped="0">
  <reporter-output>
  </reporter-output>
  <suite started-at="2024-01-18T16:52:36 IST" name="Default suite" finished-at="2024-01-18T16:52:53 IST" duration-ms="17586">
    <groups>
    </groups>
    <test started-at="2024-01-18T16:52:36 IST" name="Default test" finished-at="2024-01-18T16:52:53 IST" duration-ms="17586">
      <class name="tests.Login">
        <test-method signature="testLogin(java.util.HashMap)[pri:0, instance:tests.Login@449a4f23]" started-at="2024-01-18T16:52:36 IST" name="testLogin" data-provider="dataSupplier" finished-at="2024-01-18T16:52:53 IST" duration-ms="16509" status="PASS">
          <params>
            <param index="0">
              <value>
                <![CDATA[{Runmode=Y, ExpectedResult=Success, Username=amotooricapbat62@gmail.com, Browser=Firefox, Password=abcde}]]>
              </value>
            </param>
          </params>
          <reporter-output>
          </reporter-output>
        </test-method> <!-- testLogin -->
        <test-method is-config="true" signature="tearDown()[pri:0, instance:tests.Login@449a4f23]" started-at="2024-01-18T16:52:53 IST" name="tearDown" finished-at="2024-01-18T16:52:53 IST" duration-ms="471" status="PASS">
          <reporter-output>
          </reporter-output>
        </test-method> <!-- tearDown -->
      </class> <!-- tests.Login -->
    </test> <!-- Default test -->
  </suite> <!-- Default suite -->
</testng-results>
